-- Found ament_cmake: 1.3.10 (/opt/ros/humble/share/ament_cmake/cmake)
-- Override CMake install command with custom implementation using symlinks instead of copying resources
-- Found rclcpp: 16.0.10 (/opt/ros/humble/share/rclcpp/cmake)
-- Found rosidl_generator_c: 3.1.5 (/opt/ros/humble/share/rosidl_generator_c/cmake)
-- Found rosidl_adapter: 3.1.5 (/opt/ros/humble/share/rosidl_adapter/cmake)
-- Found rosidl_generator_cpp: 3.1.5 (/opt/ros/humble/share/rosidl_generator_cpp/cmake)
-- Using all available rosidl_typesupport_c: rosidl_typesupport_fastrtps_c;rosidl_typesupport_introspection_c
-- Using all available rosidl_typesupport_cpp: rosidl_typesupport_fastrtps_cpp;rosidl_typesupport_introspection_cpp
-- Found rmw_implementation_cmake: 6.1.2 (/opt/ros/humble/share/rmw_implementation_cmake/cmake)
-- Found rmw_fastrtps_cpp: 6.2.7 (/opt/ros/humble/share/rmw_fastrtps_cpp/cmake)
-- Using RMW implementation 'rmw_fastrtps_cpp' as default
-- Found sensor_msgs: 4.2.4 (/opt/ros/humble/share/sensor_msgs/cmake)
-- Found std_srvs: 4.2.4 (/opt/ros/humble/share/std_srvs/cmake)
-- Found nav_msgs: 4.2.4 (/opt/ros/humble/share/nav_msgs/cmake)
-- Found rclpy: 3.3.14 (/opt/ros/humble/share/rclpy/cmake)
-- Found cv_bridge: 3.2.1 (/opt/ros/humble/share/cv_bridge/cmake)
-- Found Python: /usr/bin/python3.10 (found version "3.10.12") found components: Interpreter Development NumPy Development.Module Development.Embed 
-- Configuring done
-- Generating done
-- Build files have been written to: /home/gurupranav/Programming/ros2_tut/rplidar_ros/build/rplidar_ros
[35m[1mConsolidate compiler generated dependencies of target rplidar_client[0m
[35m[1mConsolidate compiler generated dependencies of target rplidar_composition[0m
[35m[1mConsolidate compiler generated dependencies of target rplidar_node[0m
[35m[1mConsolidate compiler generated dependencies of target lidar_map_node[0m
failed to create symbolic link '/home/gurupranav/Programming/ros2_tut/rplidar_ros/build/rplidar_ros/ament_cmake_python/rplidar_ros/rplidar_ros' because existing path cannot be removed: Is a directory
gmake[2]: *** [CMakeFiles/ament_cmake_python_symlink_rplidar_ros.dir/build.make:70: CMakeFiles/ament_cmake_python_symlink_rplidar_ros] Error 1
gmake[1]: *** [CMakeFiles/Makefile2:146: CMakeFiles/ament_cmake_python_symlink_rplidar_ros.dir/all] Error 2
gmake[1]: *** Waiting for unfinished jobs....
[  1%] [32m[1mLinking CXX executable rplidar_client[0m
[  3%] [32m[1mLinking CXX executable rplidar_node[0m
[  5%] [32m[1mLinking CXX executable lidar_map_node[0m
[  7%] [32m[1mLinking CXX executable rplidar_composition[0m
[ 37%] Built target rplidar_node
[ 67%] Built target rplidar_composition
[ 69%] Built target rplidar_client
[100%] Built target lidar_map_node
gmake: *** [Makefile:146: all] Error 2
