[0.017s] Invoking command in '/home/gurupranav/Programming/ros2_tut/rplidar_ros/build/rplidar_ros': CMAKE_PREFIX_PATH=${CMAKE_PREFIX_PATH}:/opt/ros/humble /usr/bin/cmake /home/gurupranav/Programming/ros2_tut/rplidar_ros -DAMENT_CMAKE_SYMLINK_INSTALL=1 -DCMAKE_INSTALL_PREFIX=/home/gurupranav/Programming/ros2_tut/rplidar_ros/install/rplidar_ros
[0.039s] -- Found ament_cmake: 1.3.10 (/opt/ros/humble/share/ament_cmake/cmake)
[0.225s] -- Override CMake install command with custom implementation using symlinks instead of copying resources
[0.257s] -- Found rclcpp: 16.0.10 (/opt/ros/humble/share/rclcpp/cmake)
[0.581s] -- Found rosidl_generator_c: 3.1.5 (/opt/ros/humble/share/rosidl_generator_c/cmake)
[0.584s] -- Found rosidl_adapter: 3.1.5 (/opt/ros/humble/share/rosidl_adapter/cmake)
[0.594s] -- Found rosidl_generator_cpp: 3.1.5 (/opt/ros/humble/share/rosidl_generator_cpp/cmake)
[0.613s] -- Using all available rosidl_typesupport_c: rosidl_typesupport_fastrtps_c;rosidl_typesupport_introspection_c
[0.634s] -- Using all available rosidl_typesupport_cpp: rosidl_typesupport_fastrtps_cpp;rosidl_typesupport_introspection_cpp
[0.681s] -- Found rmw_implementation_cmake: 6.1.2 (/opt/ros/humble/share/rmw_implementation_cmake/cmake)
[0.683s] -- Found rmw_fastrtps_cpp: 6.2.7 (/opt/ros/humble/share/rmw_fastrtps_cpp/cmake)
[11.967s] -- Using RMW implementation 'rmw_fastrtps_cpp' as default
[12.039s] -- Found sensor_msgs: 4.2.4 (/opt/ros/humble/share/sensor_msgs/cmake)
[12.078s] -- Found std_srvs: 4.2.4 (/opt/ros/humble/share/std_srvs/cmake)
[12.092s] -- Found nav_msgs: 4.2.4 (/opt/ros/humble/share/nav_msgs/cmake)
[12.115s] -- Found rclpy: 3.3.14 (/opt/ros/humble/share/rclpy/cmake)
[12.115s] -- Found cv_bridge: 3.2.1 (/opt/ros/humble/share/cv_bridge/cmake)
[12.633s] -- Found Python: /usr/bin/python3.10 (found version "3.10.12") found components: Interpreter Development NumPy Development.Module Development.Embed 
[12.812s] -- Configuring done
[12.861s] -- Generating done
[12.867s] -- Build files have been written to: /home/gurupranav/Programming/ros2_tut/rplidar_ros/build/rplidar_ros
[12.880s] Invoked command in '/home/gurupranav/Programming/ros2_tut/rplidar_ros/build/rplidar_ros' returned '0': CMAKE_PREFIX_PATH=${CMAKE_PREFIX_PATH}:/opt/ros/humble /usr/bin/cmake /home/gurupranav/Programming/ros2_tut/rplidar_ros -DAMENT_CMAKE_SYMLINK_INSTALL=1 -DCMAKE_INSTALL_PREFIX=/home/gurupranav/Programming/ros2_tut/rplidar_ros/install/rplidar_ros
[12.884s] Invoking command in '/home/gurupranav/Programming/ros2_tut/rplidar_ros/build/rplidar_ros': CMAKE_PREFIX_PATH=${CMAKE_PREFIX_PATH}:/opt/ros/humble /usr/bin/cmake --build /home/gurupranav/Programming/ros2_tut/rplidar_ros/build/rplidar_ros -- -j16 -l16
[12.937s] [35m[1mConsolidate compiler generated dependencies of target rplidar_client[0m
[12.944s] [35m[1mConsolidate compiler generated dependencies of target rplidar_composition[0m
[12.945s] [35m[1mConsolidate compiler generated dependencies of target rplidar_node[0m
[12.946s] [35m[1mConsolidate compiler generated dependencies of target lidar_map_node[0m
[12.949s] failed to create symbolic link '/home/gurupranav/Programming/ros2_tut/rplidar_ros/build/rplidar_ros/ament_cmake_python/rplidar_ros/rplidar_ros' because existing path cannot be removed: Is a directory
[12.950s] gmake[2]: *** [CMakeFiles/ament_cmake_python_symlink_rplidar_ros.dir/build.make:70: CMakeFiles/ament_cmake_python_symlink_rplidar_ros] Error 1
[12.951s] gmake[1]: *** [CMakeFiles/Makefile2:146: CMakeFiles/ament_cmake_python_symlink_rplidar_ros.dir/all] Error 2
[12.951s] gmake[1]: *** Waiting for unfinished jobs....
[12.971s] [  1%] [32m[1mLinking CXX executable rplidar_client[0m
[13.018s] [  3%] [32m[1mLinking CXX executable rplidar_node[0m
[13.019s] [  5%] [32m[1mLinking CXX executable lidar_map_node[0m
[13.023s] [  7%] [32m[1mLinking CXX executable rplidar_composition[0m
[13.624s] [ 37%] Built target rplidar_node
[13.657s] [ 67%] Built target rplidar_composition
[13.775s] [ 69%] Built target rplidar_client
[13.853s] [100%] Built target lidar_map_node
[13.855s] gmake: *** [Makefile:146: all] Error 2
[13.858s] Invoked command in '/home/gurupranav/Programming/ros2_tut/rplidar_ros/build/rplidar_ros' returned '2': CMAKE_PREFIX_PATH=${CMAKE_PREFIX_PATH}:/opt/ros/humble /usr/bin/cmake --build /home/gurupranav/Programming/ros2_tut/rplidar_ros/build/rplidar_ros -- -j16 -l16
