[0.021s] Invoking command in '/home/gurupranav/Programming/ros2_tut/rplidar_ros/build/rplidar_ros': CMAKE_PREFIX_PATH=${CMAKE_PREFIX_PATH}:/opt/ros/humble /usr/bin/cmake /home/gurupranav/Programming/ros2_tut/rplidar_ros -DCMAKE_INSTALL_PREFIX=/home/gurupranav/Programming/ros2_tut/rplidar_ros/install/rplidar_ros
[0.036s] -- Found ament_cmake: 1.3.10 (/opt/ros/humble/share/ament_cmake/cmake)
[0.211s] -- Override CMake install command with custom implementation using symlinks instead of copying resources
[0.224s] -- Found rclcpp: 16.0.10 (/opt/ros/humble/share/rclcpp/cmake)
[0.521s] -- Found rosidl_generator_c: 3.1.5 (/opt/ros/humble/share/rosidl_generator_c/cmake)
[0.524s] -- Found rosidl_adapter: 3.1.5 (/opt/ros/humble/share/rosidl_adapter/cmake)
[0.534s] -- Found rosidl_generator_cpp: 3.1.5 (/opt/ros/humble/share/rosidl_generator_cpp/cmake)
[0.548s] -- Using all available rosidl_typesupport_c: rosidl_typesupport_fastrtps_c;rosidl_typesupport_introspection_c
[0.585s] -- Using all available rosidl_typesupport_cpp: rosidl_typesupport_fastrtps_cpp;rosidl_typesupport_introspection_cpp
[0.660s] -- Found rmw_implementation_cmake: 6.1.2 (/opt/ros/humble/share/rmw_implementation_cmake/cmake)
[0.662s] -- Found rmw_fastrtps_cpp: 6.2.7 (/opt/ros/humble/share/rmw_fastrtps_cpp/cmake)
[11.316s] -- Using RMW implementation 'rmw_fastrtps_cpp' as default
[11.378s] -- Found sensor_msgs: 4.2.4 (/opt/ros/humble/share/sensor_msgs/cmake)
[11.414s] -- Found std_srvs: 4.2.4 (/opt/ros/humble/share/std_srvs/cmake)
[11.425s] -- Found nav_msgs: 4.2.4 (/opt/ros/humble/share/nav_msgs/cmake)
[11.448s] -- Found rclpy: 3.3.14 (/opt/ros/humble/share/rclpy/cmake)
[11.448s] -- Found cv_bridge: 3.2.1 (/opt/ros/humble/share/cv_bridge/cmake)
[12.195s] -- Configuring done
[12.234s] -- Generating done
[12.237s] -- Build files have been written to: /home/gurupranav/Programming/ros2_tut/rplidar_ros/build/rplidar_ros
[12.251s] Invoked command in '/home/gurupranav/Programming/ros2_tut/rplidar_ros/build/rplidar_ros' returned '0': CMAKE_PREFIX_PATH=${CMAKE_PREFIX_PATH}:/opt/ros/humble /usr/bin/cmake /home/gurupranav/Programming/ros2_tut/rplidar_ros -DCMAKE_INSTALL_PREFIX=/home/gurupranav/Programming/ros2_tut/rplidar_ros/install/rplidar_ros
[12.255s] Invoking command in '/home/gurupranav/Programming/ros2_tut/rplidar_ros/build/rplidar_ros': CMAKE_PREFIX_PATH=${CMAKE_PREFIX_PATH}:/opt/ros/humble /usr/bin/cmake --build /home/gurupranav/Programming/ros2_tut/rplidar_ros/build/rplidar_ros -- -j16 -l16
[12.310s] [35m[1mConsolidate compiler generated dependencies of target rplidar_client[0m
[12.316s] [35m[1mConsolidate compiler generated dependencies of target rplidar_composition[0m
[12.317s] [35m[1mConsolidate compiler generated dependencies of target rplidar_node[0m
[12.317s] [35m[1mConsolidate compiler generated dependencies of target lidar_map_node[0m
[12.321s] failed to create symbolic link '/home/gurupranav/Programming/ros2_tut/rplidar_ros/build/rplidar_ros/ament_cmake_python/rplidar_ros/rplidar_ros' because existing path cannot be removed: Is a directory
[12.323s] gmake[2]: *** [CMakeFiles/ament_cmake_python_symlink_rplidar_ros.dir/build.make:70: CMakeFiles/ament_cmake_python_symlink_rplidar_ros] Error 1
[12.324s] gmake[1]: *** [CMakeFiles/Makefile2:146: CMakeFiles/ament_cmake_python_symlink_rplidar_ros.dir/all] Error 2
[12.324s] gmake[1]: *** Waiting for unfinished jobs....
[12.343s] [  3%] Built target rplidar_client
[12.385s] [ 35%] Built target rplidar_node
[12.386s] [ 67%] Built target lidar_map_node
[12.391s] [100%] Built target rplidar_composition
[12.392s] gmake: *** [Makefile:146: all] Error 2
[12.396s] Invoked command in '/home/gurupranav/Programming/ros2_tut/rplidar_ros/build/rplidar_ros' returned '2': CMAKE_PREFIX_PATH=${CMAKE_PREFIX_PATH}:/opt/ros/humble /usr/bin/cmake --build /home/gurupranav/Programming/ros2_tut/rplidar_ros/build/rplidar_ros -- -j16 -l16
